Building DAG of jobs...
Using shell: /usr/bin/bash
Provided cores: 2
Rules claiming more threads will be scaled down.
Job counts:
	count	jobs
	1	all
	1	createGFF
	1	createGFF_2
	1	createGFF_3
	1	createGFF_4
	1	createGFF_5
	1	createGFF_6
	1	createGFF_7
	1	createGFF_8
	1	exthomol
	1	splitfasta
	1	tmpWD
	12

[Sun Feb 12 12:31:49 2023]
rule tmpWD:
    output: patttemp
    jobid: 2

[Sun Feb 12 12:31:49 2023]
Finished job 2.
1 of 12 steps (8%) done

[Sun Feb 12 12:31:49 2023]
Job 11: splitting protein fasta..

[Sun Feb 12 12:31:49 2023]
Finished job 11.
2 of 12 steps (17%) done

[Sun Feb 12 12:31:49 2023]
Job 10: running p2g..

Removing temporary output file splitfasta.
[Sun Feb 12 12:32:18 2023]
Finished job 10.
3 of 12 steps (25%) done

[Sun Feb 12 12:32:18 2023]
Job 9: merging GFF from p2g..

Removing temporary output file p2g.
[Sun Feb 12 12:32:18 2023]
Finished job 9.
4 of 12 steps (33%) done

[Sun Feb 12 12:32:18 2023]
Job 8: extracting individual GFFs..

Removing temporary output file all.gff.
[Sun Feb 12 12:32:18 2023]
Finished job 8.
5 of 12 steps (42%) done

[Sun Feb 12 12:32:18 2023]
Job 7: making GFF format compatible..

Removing temporary output file all_1.gff.
[Sun Feb 12 12:32:18 2023]
Finished job 7.
6 of 12 steps (50%) done

[Sun Feb 12 12:32:18 2023]
Job 6: fixing GFF genes coords..

Removing temporary output file all_2.gff.
[Sun Feb 12 12:32:18 2023]
Finished job 6.
7 of 12 steps (58%) done

[Sun Feb 12 12:32:18 2023]
Job 5: sorting GFF genes coords..

Removing temporary output file all_2_fixcoords.gff.
[Sun Feb 12 12:32:18 2023]
Finished job 5.
8 of 12 steps (67%) done

[Sun Feb 12 12:32:18 2023]
Job 4: formating GFF to new prefix..

Removing temporary output file all_2_fixcoords_sorted.gff.
[Sun Feb 12 12:32:18 2023]
Finished job 4.
9 of 12 steps (75%) done

[Sun Feb 12 12:32:18 2023]
Job 3: creating genbank format (GBK)..

[Sun Feb 12 12:32:18 2023]
Finished job 3.
10 of 12 steps (83%) done

[Sun Feb 12 12:32:18 2023]
Job 1: creating CDs and Proteins fasta files..

[Sun Feb 12 12:32:18 2023]
Finished job 1.
11 of 12 steps (92%) done

[Sun Feb 12 12:32:18 2023]
localrule all:
    input: mySpecies.faa, patttemp
    jobid: 0

Removing temporary output file patttemp.
[Sun Feb 12 12:32:18 2023]
Finished job 0.
12 of 12 steps (100%) done
Complete log: /scratch2/free/programs/PATT/example/.snakemake/log/2023-02-12T123149.329322.snakemake.log
