Building DAG of jobs...
Using shell: /usr/bin/bash
Provided cores: 2
Rules claiming more threads will be scaled down.
Job counts:
	count	jobs
	1	CDSandProtein
	1	GFF2GBK
	1	all
	1	exthomol
	1	fixingcoords
	1	formatGFF
	1	individualGFF
	1	mergingGFF
	1	sortingGFF
	1	splitfasta
	1	tmpWD
	1	updatePrefix
	12

[Sun Feb 12 14:43:44 2023]
rule tmpWD:
    output: patttemp
    jobid: 2

[Sun Feb 12 14:43:45 2023]
Finished job 2.
1 of 12 steps (8%) done

[Sun Feb 12 14:43:45 2023]
Job 11: splitting protein fasta..

[Sun Feb 12 14:43:45 2023]
Error in rule splitfasta:
    jobid: 11
    output: splitfasta
    shell:
        
        cd patttemp
        patt_parte_fasta_enpartes_indicadas.pl protein.faa 2
        cd ..
        touch splitfasta
        
        (one of the commands exited with non-zero exit code; note that snakemake uses bash strict mode!)

Shutting down, this might take some time.
Exiting because a job execution failed. Look above for error message
Complete log: /scratch2/free/programs/PATT/gitPATT/example/.snakemake/log/2023-02-12T144344.973727.snakemake.log
